1651580304891	geckodriver	INFO	Listening on 127.0.0.1:50818
1651580307940	mozrunner::runner	INFO	Running command: "C:\\Program Files\\Mozilla Firefox\\firefox.exe" "--marionette" "--remote-debugging-port" "50819" "-no-remote" "-profile" "C:\\Users\\User\\AppData\\Local\\Temp\\rust_mozprofile3o2FMW"
1651580315967	Marionette	INFO	Marionette enabled
console.error: Region.jsm: "Error fetching region" (new Error("TIMEOUT", "resource://gre/modules/Region.jsm", 772))
console.error: Region.jsm: "Failed to fetch region" (new Error("TIMEOUT", "resource://gre/modules/Region.jsm", 419))
console.warn: SearchSettings: "get: No settings file exists, new profile?" (new NotFoundError("Could not open the file at C:\\Users\\User\\AppData\\Local\\Temp\\rust_mozprofile3o2FMW\\search.json.mozlz4", (void 0)))
DevTools listening on ws://localhost:50819/devtools/browser/12e0f2a5-839f-469a-840d-d1dfe4b87cce
1651580339060	Marionette	INFO	Listening on port 50826
1651580340013	RemoteAgent	WARN	TLS certificate errors will be ignored for this session
JavaScript error: https://pcpress.rs/prodavnica/lib/divglavna.js, line 2: ReferenceError: jQuery is not defined
console.warn: LoginRecipes: "getRecipes: falling back to a synchronous message for:" "https://pcpress.rs"
JavaScript error: https://pcpress.rs/prodavnica/lib/divglavna.js, line 2: ReferenceError: jQuery is not defined
console.warn: LoginRecipes: "getRecipes: falling back to a synchronous message for:" "https://pcpress.rs"
JavaScript error: https://pcpress.rs/prodavnica/lib/divglavna.js, line 2: ReferenceError: jQuery is not defined
console.warn: LoginRecipes: "getRecipes: falling back to a synchronous message for:" "https://pcpress.rs"
JavaScript error: https://pcpress.rs/prodavnica/lib/divglavna.js, line 2: ReferenceError: jQuery is not defined
JavaScript error: https://pcpress.rs/prodavnica/lib/divglavna.js, line 2: ReferenceError: jQuery is not defined
console.warn: LoginRecipes: "getRecipes: falling back to a synchronous message for:" "https://pcpress.rs"
JavaScript error: https://pcpress.rs/prodavnica/lib/divglavna.js, line 2: ReferenceError: jQuery is not defined
1651580415527	Marionette	INFO	Stopped listening on port 50826
Marionette threw an error: TypeError: browsingContext.currentWindowGlobal is null
getMarionetteCommandsActorProxy/get/<@chrome://remote/content/marionette/actors/MarionetteCommandsParent.jsm:332:29

console.warn: TopSitesFeed: Failed to fetch data from Contile server: NetworkError when attempting to fetch resource.
JavaScript error: chrome://remote/content/marionette/cert.js, line 55: NS_ERROR_NOT_AVAILABLE: Component returned failure code: 0x80040111 (NS_ERROR_NOT_AVAILABLE) [nsICertOverrideService.setDisableAllSecurityChecksAndLetAttackersInterceptMyData]
1651580423957	geckodriver	INFO	Listening on 127.0.0.1:50904
1651580427491	mozrunner::runner	INFO	Running command: "C:\\Program Files\\Mozilla Firefox\\firefox.exe" "--marionette" "--remote-debugging-port" "50905" "-no-remote" "-profile" "C:\\Users\\User\\AppData\\Local\\Temp\\rust_mozprofileMGPx3y"
1651580429764	Marionette	INFO	Marionette enabled
console.warn: SearchSettings: "get: No settings file exists, new profile?" (new NotFoundError("Could not open the file at C:\\Users\\User\\AppData\\Local\\Temp\\rust_mozprofileMGPx3y\\search.json.mozlz4", (void 0)))
DevTools listening on ws://localhost:50905/devtools/browser/e7cbe0ad-66d6-4011-b362-2ed34ff15d66
1651580436749	Marionette	INFO	Listening on port 50910
1651580437190	RemoteAgent	WARN	TLS certificate errors will be ignored for this session
JavaScript error: https://pcpress.rs/prodavnica/lib/divglavna.js, line 2: ReferenceError: jQuery is not defined
console.warn: LoginRecipes: "getRecipes: falling back to a synchronous message for:" "https://pcpress.rs"
JavaScript error: https://pcpress.rs/prodavnica/lib/divglavna.js, line 2: ReferenceError: jQuery is not defined
console.warn: LoginRecipes: "getRecipes: falling back to a synchronous message for:" "https://pcpress.rs"
JavaScript error: https://pcpress.rs/prodavnica/lib/divglavna.js, line 2: ReferenceError: jQuery is not defined
console.warn: LoginRecipes: "getRecipes: falling back to a synchronous message for:" "https://pcpress.rs"
JavaScript error: https://pcpress.rs/prodavnica/lib/divglavna.js, line 2: ReferenceError: jQuery is not defined
JavaScript error: https://pcpress.rs/prodavnica/lib/divglavna.js, line 2: ReferenceError: jQuery is not defined
console.warn: LoginRecipes: "getRecipes: falling back to a synchronous message for:" "https://pcpress.rs"
JavaScript error: https://pcpress.rs/prodavnica/lib/divglavna.js, line 2: ReferenceError: jQuery is not defined
JavaScript error: https://pcpress.rs/prodavnica/lib/divglavna.js, line 2: ReferenceError: jQuery is not defined
console.warn: LoginRecipes: "getRecipes: falling back to a synchronous message for:" "https://pcpress.rs"
JavaScript error: https://pcpress.rs/prodavnica/lib/divglavna.js, line 2: ReferenceError: jQuery is not defined
JavaScript error: https://pcpress.rs/prodavnica/lib/divglavna.js, line 2: ReferenceError: jQuery is not defined
console.warn: LoginRecipes: "getRecipes: falling back to a synchronous message for:" "https://pcpress.rs"
JavaScript error: https://pcpress.rs/prodavnica/lib/divglavna.js, line 2: ReferenceError: jQuery is not defined
JavaScript error: https://pcpress.rs/prodavnica/lib/divglavna.js, line 2: ReferenceError: jQuery is not defined
console.warn: LoginRecipes: "getRecipes: falling back to a synchronous message for:" "https://pcpress.rs"
JavaScript error: https://pcpress.rs/prodavnica/lib/divglavna.js, line 2: ReferenceError: jQuery is not defined
1651580604189	Marionette	INFO	Stopped listening on port 50910
[Parent 17156, IPC I/O Parent] WARNING: file /builds/worker/checkouts/gecko/ipc/chromium/src/base/process_util_win.cc:167
